<?xml version="1.0" encoding="UTF-8"?>
<!-- Generated by org.testng.reporters.JUnitReportReporter -->
<testsuite hostname="Anamika" failures="0" tests="6" name="package1.NewTest" time="58.962" errors="0" timestamp="2022-09-26T01:20:30 SAST" skipped="0">
  <testcase classname="package1.NewTest" name="TitleOfPage" time="0.124"/>
  <system-out/>
  <testcase classname="package1.NewTest" name="Screenshot" time="1.365"/>
  <system-out/>
  <testcase classname="package1.NewTest" name="Maximize" time="0.295"/>
  <system-out/>
  <testcase classname="package1.NewTest" name="LoginAndLogout" time="32.605"/>
  <system-out/>
  <testcase classname="package1.NewTest" name="FillForm" time="10.312"/>
  <system-out/>
  <testcase classname="package1.NewTest" name="FakePricingPage" time="14.261"/>
  <system-out/>
</testsuite> <!-- package1.NewTest -->
